This is pdfTeX, Version 3.141592653-2.6-1.40.24 (MiKTeX 22.7) (preloaded format=pdflatex 2022.9.26)  29 SEP 2022 06:24
entering extended mode
 restricted \write18 enabled.
 %&-line parsing enabled.
**./cover_page.tex
(cover_page.tex
LaTeX2e <2022-06-01> patch level 5
L3 programming layer <2022-07-04>

! LaTeX Error: Environment titlepage undefined.

See the LaTeX manual or LaTeX Companion for explanation.
Type  H <return>  for immediate help.
 ...                                              
                                                  
l.2 \begin{titlepage}
                     
Your command was ignored.
Type  I <command> <return>  to replace it with another command,
or  <return>  to continue without it.


! LaTeX Error: Missing \begin{document}.

See the LaTeX manual or LaTeX Companion for explanation.
Type  H <return>  for immediate help.
 ...                                              
                                                  
l.4 \begin{center}
                  
You're in trouble here.  Try typing  <return>  to proceed.
If that doesn't work, type  X <return>  to quit.


Overfull \hbox (20.0pt too wide) in paragraph at lines 4--4
[] 
 []

! Undefined control sequence.
l.5 {\Large
             \bf A 32-bit Time-Interleaved SAR ADC for SerDes Links}
The control sequence at the end of the top line
of your error message was never \def'ed. If you have
misspelled it (e.g., `\hobx'), type `I' and the correct
spelling (e.g., `I\hbox'). Otherwise just continue,
and I'll forget about whatever was undefined.

! Undefined control sequence.
l.5 {\Large  \bf
                 A 32-bit Time-Interleaved SAR ADC for SerDes Links}
The control sequence at the end of the top line
of your error message was never \def'ed. If you have
misspelled it (e.g., `\hobx'), type `I' and the correct
spelling (e.g., `I\hbox'). Otherwise just continue,
and I'll forget about whatever was undefined.

Missing character: There is no A in font nullfont!
Missing character: There is no 3 in font nullfont!
Missing character: There is no 2 in font nullfont!
Missing character: There is no - in font nullfont!
Missing character: There is no b in font nullfont!
Missing character: There is no i in font nullfont!
Missing character: There is no t in font nullfont!
Missing character: There is no T in font nullfont!
Missing character: There is no i in font nullfont!
Missing character: There is no m in font nullfont!
Missing character: There is no e in font nullfont!
Missing character: There is no - in font nullfont!
Missing character: There is no I in font nullfont!
Missing character: There is no n in font nullfont!
Missing character: There is no t in font nullfont!
Missing character: There is no e in font nullfont!
Missing character: There is no r in font nullfont!
Missing character: There is no l in font nullfont!
Missing character: There is no e in font nullfont!
Missing character: There is no a in font nullfont!
Missing character: There is no v in font nullfont!
Missing character: There is no e in font nullfont!
Missing character: There is no d in font nullfont!
Missing character: There is no S in font nullfont!
Missing character: There is no A in font nullfont!
Missing character: There is no R in font nullfont!
Missing character: There is no A in font nullfont!
Missing character: There is no D in font nullfont!
Missing character: There is no C in font nullfont!
Missing character: There is no f in font nullfont!
Missing character: There is no o in font nullfont!
Missing character: There is no r in font nullfont!
Missing character: There is no S in font nullfont!
Missing character: There is no e in font nullfont!
Missing character: There is no r in font nullfont!
Missing character: There is no D in font nullfont!
Missing character: There is no e in font nullfont!
Missing character: There is no s in font nullfont!
Missing character: There is no L in font nullfont!
Missing character: There is no i in font nullfont!
Missing character: There is no n in font nullfont!
Missing character: There is no k in font nullfont!
Missing character: There is no s in font nullfont!

Overfull \hbox (33.42743pt too wide) in paragraph at lines 13--14
 \OT1/cmr/bx/it/10 Report 
 []


Overfull \hbox (20.54146pt too wide) in paragraph at lines 13--14
 \OT1/cmr/bx/it/10 sub- 
 []


Overfull \hbox (20.99425pt too wide) in paragraph at lines 13--14
 \OT1/cmr/bx/it/10 mit- 
 []


Overfull \hbox (14.49426pt too wide) in paragraph at lines 13--14
 \OT1/cmr/bx/it/10 ted 
 []


Overfull \hbox (9.761pt too wide) in paragraph at lines 13--14
 \OT1/cmr/bx/it/10 to 
 []


Overfull \hbox (15.93317pt too wide) in paragraph at lines 13--14
 \OT1/cmr/bx/it/10 the 
 []


Overfull \hbox (33.09413pt too wide) in paragraph at lines 17--18
 \OT1/cmr/bx/it/10 Indian 
 []


Overfull \hbox (15.361pt too wide) in paragraph at lines 17--18
 \OT1/cmr/bx/it/10 In- 
 []


Overfull \hbox (16.4193pt too wide) in paragraph at lines 17--18
 \OT1/cmr/bx/it/10 sti- 
 []


Overfull \hbox (19.22757pt too wide) in paragraph at lines 17--18
 \OT1/cmr/bx/it/10 tute 
 []


Overfull \hbox (9.91106pt too wide) in paragraph at lines 17--18
 \OT1/cmr/bx/it/10 of 
 []


Overfull \hbox (27.18855pt too wide) in paragraph at lines 17--18
 \OT1/cmr/bx/it/10 Tech- 
 []


Overfull \hbox (19.52202pt too wide) in paragraph at lines 17--18
 \OT1/cmr/bx/it/10 nol- 
 []


Overfull \hbox (16.26093pt too wide) in paragraph at lines 17--18
 \OT1/cmr/bx/it/10 ogy 
 []


Overfull \hbox (67.33543pt too wide) in paragraph at lines 17--18
 \OT1/cmr/bx/it/10 Bhubaneswar 
 []


Overfull \hbox (17.31651pt too wide) in paragraph at lines 21--22
 \OT1/cmr/bx/it/10 For 
 []


Overfull \hbox (23.05533pt too wide) in paragraph at lines 21--22
 \OT1/cmr/bx/it/10 mid- 
 []


Overfull \hbox (44.01624pt too wide) in paragraph at lines 21--22
 \OT1/cmr/bx/it/10 semester 
 []


Overfull \hbox (13.89432pt too wide) in paragraph at lines 21--22
 \OT1/cmr/bx/it/10 re- 
 []


Overfull \hbox (22.98866pt too wide) in paragraph at lines 21--22
 \OT1/cmr/bx/it/10 view 
 []


Overfull \hbox (12.08884pt too wide) in paragraph at lines 25--26
 \OT1/cmr/bx/it/10 of 
 []

! Undefined control sequence.
<recently read> \large 
                       
l.29 ...{\large Master of Technology Project Work}
                                                  
The control sequence at the end of the top line
of your error message was never \def'ed. If you have
misspelled it (e.g., `\hobx'), type `I' and the correct
spelling (e.g., `I\hbox'). Otherwise just continue,
and I'll forget about whatever was undefined.


Overfull \hbox (35.52202pt too wide) in paragraph at lines 29--30
 \OT1/cmr/bx/n/10 Master 
 []


Overfull \hbox (9.26384pt too wide) in paragraph at lines 29--30
 \OT1/cmr/bx/n/10 of 
 []


Overfull \hbox (27.32625pt too wide) in paragraph at lines 29--30
 \OT1/cmr/bx/n/10 Tech- 
 []


Overfull \hbox (19.16656pt too wide) in paragraph at lines 29--30
 \OT1/cmr/bx/n/10 nol- 
 []


Overfull \hbox (17.56935pt too wide) in paragraph at lines 29--30
 \OT1/cmr/bx/n/10 ogy 
 []


Overfull \hbox (37.35399pt too wide) in paragraph at lines 29--30
 \OT1/cmr/bx/n/10 Project 
 []


Overfull \hbox (27.48598pt too wide) in paragraph at lines 29--30
 \OT1/cmr/bx/n/10 Work 
 []


Overfull \hbox (11.98878pt too wide) in paragraph at lines 33--34
 \OT1/cmr/bx/it/10 by 
 []

! Undefined control sequence.
l.37  \large
            {\textbf{K ADITYA SAI}}
The control sequence at the end of the top line
of your error message was never \def'ed. If you have
misspelled it (e.g., `\hobx'), type `I' and the correct
spelling (e.g., `I\hbox'). Otherwise just continue,
and I'll forget about whatever was undefined.


Overfull \hbox (9.01384pt too wide) in paragraph at lines 37--38
 \OT1/cmr/bx/n/10 K 
 []


Overfull \hbox (46.3053pt too wide) in paragraph at lines 37--38
 \OT1/cmr/bx/n/10 ADITYA 
 []


Overfull \hbox (19.44434pt too wide) in paragraph at lines 37--38
 \OT1/cmr/bx/n/10 SAI 
 []

Missing character: There is no U in font nullfont!
Missing character: There is no n in font nullfont!
Missing character: There is no d in font nullfont!
Missing character: There is no e in font nullfont!
Missing character: There is no r in font nullfont!
Missing character: There is no t in font nullfont!
Missing character: There is no h in font nullfont!
Missing character: There is no e in font nullfont!
Missing character: There is no g in font nullfont!
Missing character: There is no u in font nullfont!
Missing character: There is no i in font nullfont!
Missing character: There is no d in font nullfont!
Missing character: There is no a in font nullfont!
Missing character: There is no n in font nullfont!
Missing character: There is no c in font nullfont!
Missing character: There is no e in font nullfont!
Missing character: There is no o in font nullfont!
Missing character: There is no f in font nullfont!

Overfull \hbox (13.5555pt too wide) in paragraph at lines 45--46
 \OT1/cmr/bx/n/10 Dr 
 []


Overfull \hbox (16.0277pt too wide) in paragraph at lines 45--46
 \OT1/cmr/bx/n/10 Ni- 
 []


Overfull \hbox (21.40266pt too wide) in paragraph at lines 45--46
 \OT1/cmr/bx/n/10 jwm 
 []


Overfull \hbox (27.48596pt too wide) in paragraph at lines 45--46
 \OT1/cmr/bx/n/10 Wary 
 []

! Undefined control sequence.
l.49 \includegraphics
                     [scale=0.3]{iitbbs}
The control sequence at the end of the top line
of your error message was never \def'ed. If you have
misspelled it (e.g., `\hobx'), type `I' and the correct
spelling (e.g., `I\hbox'). Otherwise just continue,
and I'll forget about whatever was undefined.

Missing character: There is no [ in font nullfont!
Missing character: There is no s in font nullfont!
Missing character: There is no c in font nullfont!
Missing character: There is no a in font nullfont!
Missing character: There is no l in font nullfont!
Missing character: There is no e in font nullfont!
Missing character: There is no = in font nullfont!
Missing character: There is no 0 in font nullfont!
Missing character: There is no . in font nullfont!
Missing character: There is no 3 in font nullfont!
Missing character: There is no ] in font nullfont!
Missing character: There is no i in font nullfont!
Missing character: There is no i in font nullfont!
Missing character: There is no t in font nullfont!
Missing character: There is no b in font nullfont!
Missing character: There is no b in font nullfont!
Missing character: There is no s in font nullfont!
! Undefined control sequence.
<recently read> \small 
                       
l.53 ...xtbf{\small SCHOOL OF ELECTRICAL SCIENCES}
                                                  
The control sequence at the end of the top line
of your error message was never \def'ed. If you have
misspelled it (e.g., `\hobx'), type `I' and the correct
spelling (e.g., `I\hbox'). Otherwise just continue,
and I'll forget about whatever was undefined.


Overfull \hbox (47.88863pt too wide) in paragraph at lines 53--54
 \OT1/cmr/bx/n/10 SCHOOL 
 []


Overfull \hbox (15.87491pt too wide) in paragraph at lines 53--54
 \OT1/cmr/bx/n/10 OF 
 []


Overfull \hbox (34.16647pt too wide) in paragraph at lines 53--54
 \OT1/cmr/bx/n/10 ELEC- 
 []


Overfull \hbox (24.8193pt too wide) in paragraph at lines 53--54
 \OT1/cmr/bx/n/10 TRI- 
 []


Overfull \hbox (23.91653pt too wide) in paragraph at lines 53--54
 \OT1/cmr/bx/n/10 CAL 
 []


Overfull \hbox (22.88876pt too wide) in paragraph at lines 53--54
 \OT1/cmr/bx/n/10 SCI- 
 []


Overfull \hbox (38.80534pt too wide) in paragraph at lines 53--54
 \OT1/cmr/bx/n/10 ENCES 
 []

! Undefined control sequence.
<recently read> \small 
                       
l.57 ...NDIAN INSTITUTE OF TECHNOLOGY BHUBANESWAR}
                                                  
The control sequence at the end of the top line
of your error message was never \def'ed. If you have
misspelled it (e.g., `\hobx'), type `I' and the correct
spelling (e.g., `I\hbox'). Otherwise just continue,
and I'll forget about whatever was undefined.


Overfull \hbox (44.23587pt too wide) in paragraph at lines 57--58
 \OT1/cmr/bx/n/10 INDIAN 
 []


Overfull \hbox (17.19435pt too wide) in paragraph at lines 57--58
 \OT1/cmr/bx/n/10 IN- 
 []


Overfull \hbox (22.5832pt too wide) in paragraph at lines 57--58
 \OT1/cmr/bx/n/10 STI- 
 []


Overfull \hbox (32.40259pt too wide) in paragraph at lines 57--58
 \OT1/cmr/bx/n/10 TUTE 
 []


Overfull \hbox (15.87491pt too wide) in paragraph at lines 57--58
 \OT1/cmr/bx/n/10 OF 
 []


Overfull \hbox (36.69424pt too wide) in paragraph at lines 57--58
 \OT1/cmr/bx/n/10 TECH- 
 []


Overfull \hbox (28.38873pt too wide) in paragraph at lines 57--58
 \OT1/cmr/bx/n/10 NOL- 
 []


Overfull \hbox (26.37485pt too wide) in paragraph at lines 57--58
 \OT1/cmr/bx/n/10 OGY 
 []


Overfull \hbox (93.77727pt too wide) in paragraph at lines 57--58
 \OT1/cmr/bx/n/10 BHUBANESWAR 
 []


Overfull \hbox (53.77058pt too wide) in paragraph at lines 61--62
 \OT1/cmr/bx/n/10 September 
 []


Overfull \hbox (22.99988pt too wide) in paragraph at lines 61--62
 \OT1/cmr/bx/n/10 2022 
 []

Missing character: There is no 2 in font nullfont!
Missing character: There is no 0 in font nullfont!
Missing character: There is no 2 in font nullfont!
Missing character: There is no 2 in font nullfont!
Missing character: There is no K in font nullfont!
Missing character: There is no A in font nullfont!
Missing character: There is no d in font nullfont!
Missing character: There is no i in font nullfont!
Missing character: There is no t in font nullfont!
Missing character: There is no y in font nullfont!
Missing character: There is no a in font nullfont!
Missing character: There is no S in font nullfont!
Missing character: There is no a in font nullfont!
Missing character: There is no i in font nullfont!
Missing character: There is no . in font nullfont!
Missing character: There is no A in font nullfont!
Missing character: There is no l in font nullfont!
Missing character: There is no l in font nullfont!
Missing character: There is no r in font nullfont!
Missing character: There is no i in font nullfont!
Missing character: There is no g in font nullfont!
Missing character: There is no h in font nullfont!
Missing character: There is no t in font nullfont!
Missing character: There is no s in font nullfont!
Missing character: There is no r in font nullfont!
Missing character: There is no e in font nullfont!
Missing character: There is no s in font nullfont!
Missing character: There is no e in font nullfont!
Missing character: There is no r in font nullfont!
Missing character: There is no v in font nullfont!
Missing character: There is no e in font nullfont!
Missing character: There is no d in font nullfont!
Missing character: There is no . in font nullfont!

Overfull \hbox (11.1084pt too wide) in paragraph at lines 65--66
 \TS1/cmr/m/n/10 © 
 []


! LaTeX Error: The font size command \normalsize is not defined:
               there is probably something wrong with the class file.

See the LaTeX manual or LaTeX Companion for explanation.
Type  H <return>  for immediate help.
 ...                                              
                                                  
l.69 \cleardoublepage
                     
Your command was ignored.
Type  I <command> <return>  to replace it with another command,
or  <return>  to continue without it.

[1{C:/Users/kadit/AppData/Local/MiKTeX/fonts/map/pdftex/pdftex.map}]

! LaTeX Error: \begin{document} ended by \end{titlepage}.

See the LaTeX manual or LaTeX Companion for explanation.
Type  H <return>  for immediate help.
 ...                                              
                                                  
l.71 \end{titlepage}
                    
Your command was ignored.
Type  I <command> <return>  to replace it with another command,
or  <return>  to continue without it.

)
! Emergency stop.
<*> ./cover_page.tex
                    
*** (job aborted, no legal \end found)

 
Here is how much of TeX's memory you used:
 29 strings out of 478338
 610 string characters out of 2836700
 304722 words of memory out of 3000000
 18555 multiletter control sequences out of 15000+600000
 470261 words of font info for 31 fonts, out of 8000000 for 9000
 1141 hyphenation exceptions out of 8191
 25i,5n,23p,120b,175s stack positions out of 10000i,1000n,20000p,200000b,80000s
!  ==> Fatal error occurred, no output PDF file produced!
